<?xml version="1.0" encoding="UTF-8"?>
<!-- Generated by org.testng.reporters.JUnitReportReporter -->
<testsuite skipped="0" hostname="DESKTOP-9RI01SC" name="runner.TestRunner" tests="2" failures="0" timestamp="17 янв 2018 15:30:20 GMT" time="1.030" errors="0">
  <testcase name="feature" time="0.414" classname="runner.TestRunner"/>
  <testcase name="feature" time="0.616" classname="runner.TestRunner"/>
</testsuite> <!-- runner.TestRunner -->
